<?xml version="1.0" encoding="UTF-8"?>
<testsuite xmlns:xsi="http://www.w3.org/2001/XMLSchema-instance" xsi:noNamespaceSchemaLocation="https://maven.apache.org/surefire/maven-surefire-plugin/xsd/surefire-test-report-3.0.xsd" version="3.0" name="com.example.EmployeeInMemoryRepositoryTest" time="0.0" tests="3" errors="0" skipped="0" failures="0">
  <properties>
    <property name="java.specification.version" value="23"/>
    <property name="sun.jnu.encoding" value="UTF-8"/>
    <property name="java.class.path" value="/Users/josesaidolanogarcia/REPOSITORIOS/Algoritmo/MODULO_03/mockito-example/mockito.example/target/test-classes:/Users/josesaidolanogarcia/REPOSITORIOS/Algoritmo/MODULO_03/mockito-example/mockito.example/target/classes:/Users/josesaidolanogarcia/.m2/repository/junit/junit/4.13.2/junit-4.13.2.jar:/Users/josesaidolanogarcia/.m2/repository/org/hamcrest/hamcrest-core/1.3/hamcrest-core-1.3.jar:/Users/josesaidolanogarcia/.m2/repository/org/assertj/assertj-core/3.27.3/assertj-core-3.27.3.jar:/Users/josesaidolanogarcia/.m2/repository/net/bytebuddy/byte-buddy/1.15.11/byte-buddy-1.15.11.jar:/Users/josesaidolanogarcia/.m2/repository/org/mockito/mockito-core/5.14.2/mockito-core-5.14.2.jar:/Users/josesaidolanogarcia/.m2/repository/net/bytebuddy/byte-buddy-agent/1.15.4/byte-buddy-agent-1.15.4.jar:/Users/josesaidolanogarcia/.m2/repository/org/objenesis/objenesis/3.3/objenesis-3.3.jar:/Users/josesaidolanogarcia/.m2/repository/org/apache/logging/log4j/log4j-core/2.24.3/log4j-core-2.24.3.jar:/Users/josesaidolanogarcia/.m2/repository/org/apache/logging/log4j/log4j-api/2.24.3/log4j-api-2.24.3.jar:/Users/josesaidolanogarcia/.m2/repository/org/projectlombok/lombok/1.18.36/lombok-1.18.36.jar:"/>
    <property name="java.vm.vendor" value="Oracle Corporation"/>
    <property name="sun.arch.data.model" value="64"/>
    <property name="java.vendor.url" value="https://java.oracle.com/"/>
    <property name="user.timezone" value="America/Mexico_City"/>
    <property name="os.name" value="Mac OS X"/>
    <property name="java.vm.specification.version" value="23"/>
    <property name="sun.java.launcher" value="SUN_STANDARD"/>
    <property name="user.country" value="MX"/>
    <property name="sun.boot.library.path" value="/Users/josesaidolanogarcia/Library/Java/JavaVirtualMachines/openjdk-23.0.2/Contents/Home/lib"/>
    <property name="sun.java.command" value="/Users/josesaidolanogarcia/REPOSITORIOS/Algoritmo/MODULO_03/mockito-example/mockito.example/target/surefire/surefirebooter-20250331200543209_3.jar /Users/josesaidolanogarcia/REPOSITORIOS/Algoritmo/MODULO_03/mockito-example/mockito.example/target/surefire 2025-03-31T20-05-43_178-jvmRun1 surefire-20250331200543209_1tmp surefire_0-20250331200543209_2tmp"/>
    <property name="http.nonProxyHosts" value="local|*.local|169.254/16|*.169.254/16"/>
    <property name="jdk.debug" value="release"/>
    <property name="surefire.test.class.path" value="/Users/josesaidolanogarcia/REPOSITORIOS/Algoritmo/MODULO_03/mockito-example/mockito.example/target/test-classes:/Users/josesaidolanogarcia/REPOSITORIOS/Algoritmo/MODULO_03/mockito-example/mockito.example/target/classes:/Users/josesaidolanogarcia/.m2/repository/junit/junit/4.13.2/junit-4.13.2.jar:/Users/josesaidolanogarcia/.m2/repository/org/hamcrest/hamcrest-core/1.3/hamcrest-core-1.3.jar:/Users/josesaidolanogarcia/.m2/repository/org/assertj/assertj-core/3.27.3/assertj-core-3.27.3.jar:/Users/josesaidolanogarcia/.m2/repository/net/bytebuddy/byte-buddy/1.15.11/byte-buddy-1.15.11.jar:/Users/josesaidolanogarcia/.m2/repository/org/mockito/mockito-core/5.14.2/mockito-core-5.14.2.jar:/Users/josesaidolanogarcia/.m2/repository/net/bytebuddy/byte-buddy-agent/1.15.4/byte-buddy-agent-1.15.4.jar:/Users/josesaidolanogarcia/.m2/repository/org/objenesis/objenesis/3.3/objenesis-3.3.jar:/Users/josesaidolanogarcia/.m2/repository/org/apache/logging/log4j/log4j-core/2.24.3/log4j-core-2.24.3.jar:/Users/josesaidolanogarcia/.m2/repository/org/apache/logging/log4j/log4j-api/2.24.3/log4j-api-2.24.3.jar:/Users/josesaidolanogarcia/.m2/repository/org/projectlombok/lombok/1.18.36/lombok-1.18.36.jar:"/>
    <property name="sun.cpu.endian" value="little"/>
    <property name="user.home" value="/Users/josesaidolanogarcia"/>
    <property name="user.language" value="en"/>
    <property name="java.specification.vendor" value="Oracle Corporation"/>
    <property name="java.version.date" value="2025-01-21"/>
    <property name="java.home" value="/Users/josesaidolanogarcia/Library/Java/JavaVirtualMachines/openjdk-23.0.2/Contents/Home"/>
    <property name="file.separator" value="/"/>
    <property name="basedir" value="/Users/josesaidolanogarcia/REPOSITORIOS/Algoritmo/MODULO_03/mockito-example/mockito.example"/>
    <property name="java.vm.compressedOopsMode" value="Zero based"/>
    <property name="line.separator" value="&#10;"/>
    <property name="java.vm.specification.vendor" value="Oracle Corporation"/>
    <property name="java.specification.name" value="Java Platform API Specification"/>
    <property name="apple.awt.application.name" value="ForkedBooter"/>
    <property name="surefire.real.class.path" value="/Users/josesaidolanogarcia/REPOSITORIOS/Algoritmo/MODULO_03/mockito-example/mockito.example/target/surefire/surefirebooter-20250331200543209_3.jar"/>
    <property name="sun.management.compiler" value="HotSpot 64-Bit Tiered Compilers"/>
    <property name="ftp.nonProxyHosts" value="local|*.local|169.254/16|*.169.254/16"/>
    <property name="java.runtime.version" value="23.0.2+7-58"/>
    <property name="user.name" value="josesaidolanogarcia"/>
    <property name="stdout.encoding" value="UTF-8"/>
    <property name="path.separator" value=":"/>
    <property name="os.version" value="15.3.2"/>
    <property name="java.runtime.name" value="OpenJDK Runtime Environment"/>
    <property name="file.encoding" value="UTF-8"/>
    <property name="java.vm.name" value="OpenJDK 64-Bit Server VM"/>
    <property name="localRepository" value="/Users/josesaidolanogarcia/.m2/repository"/>
    <property name="java.vendor.url.bug" value="https://bugreport.java.com/bugreport/"/>
    <property name="java.io.tmpdir" value="/var/folders/qh/2_zvfzmx517c_11t_0mjnjs00000gn/T/"/>
    <property name="java.version" value="23.0.2"/>
    <property name="user.dir" value="/Users/josesaidolanogarcia/REPOSITORIOS/Algoritmo/MODULO_03/mockito-example/mockito.example"/>
    <property name="os.arch" value="aarch64"/>
    <property name="java.vm.specification.name" value="Java Virtual Machine Specification"/>
    <property name="native.encoding" value="UTF-8"/>
    <property name="java.library.path" value="/Users/josesaidolanogarcia/Library/Java/Extensions:/Library/Java/Extensions:/Network/Library/Java/Extensions:/System/Library/Java/Extensions:/usr/lib/java:."/>
    <property name="java.vm.info" value="mixed mode, sharing"/>
    <property name="stderr.encoding" value="UTF-8"/>
    <property name="java.vendor" value="Oracle Corporation"/>
    <property name="java.vm.version" value="23.0.2+7-58"/>
    <property name="sun.io.unicode.encoding" value="UnicodeBig"/>
    <property name="socksNonProxyHosts" value="local|*.local|169.254/16|*.169.254/16"/>
    <property name="java.class.version" value="67.0"/>
  </properties>
  <testcase name="testFindAll" classname="com.example.EmployeeInMemoryRepositoryTest" time="0.0"/>
  <testcase name="testSaveNewEmployee" classname="com.example.EmployeeInMemoryRepositoryTest" time="0.0"/>
  <testcase name="testSaveExistingEmployee" classname="com.example.EmployeeInMemoryRepositoryTest" time="0.0"/>
</testsuite>